# JRE version: OpenJDK Runtime Environment (17.0.1+12) (build 17.0.1+12-39)
# Java VM: OpenJDK 64-Bit Server VM (17.0.1+12-39, mixed mode, sharing, tiered, compressed oops, compressed class ptrs, g1 gc, bsd-amd64)
Heap:
 garbage-first heap   total 133120K, used 21299K [0x0000000780000000, 0x0000000800000000)
  region size 1024K, 15 young (15360K), 4 survivors (4096K)
 Metaspace       used 9051K, committed 9216K, reserved 1064960K
  class space    used 1131K, committed 1216K, reserved 1048576K
GC Heap History (8 events):
Event: 0.850 GC heap before
{Heap before GC invocations=0 (full 0):
 garbage-first heap   total 133120K, used 25556K [0x0000000780000000, 0x0000000800000000)
  region size 1024K, 23 young (23552K), 0 survivors (0K)
 Metaspace       used 7081K, committed 7296K, reserved 1056768K
  class space    used 933K, committed 1024K, reserved 1048576K
}
Event: 0.856 GC heap after
{Heap after GC invocations=1 (full 0):
 garbage-first heap   total 133120K, used 5758K [0x0000000780000000, 0x0000000800000000)
  region size 1024K, 3 young (3072K), 3 survivors (3072K)
 Metaspace       used 7081K, committed 7296K, reserved 1056768K
  class space    used 933K, committed 1024K, reserved 1048576K
}
Event: 1.109 GC heap before
{Heap before GC invocations=1 (full 0):
 garbage-first heap   total 133120K, used 55934K [0x0000000780000000, 0x0000000800000000)
  region size 1024K, 48 young (49152K), 3 survivors (3072K)
 Metaspace       used 7732K, committed 8000K, reserved 1064960K
  class space    used 1011K, committed 1152K, reserved 1048576K
}
Event: 1.113 GC heap after
{Heap after GC invocations=2 (full 0):
 garbage-first heap   total 133120K, used 10041K [0x0000000780000000, 0x0000000800000000)
  region size 1024K, 3 young (3072K), 3 survivors (3072K)
 Metaspace       used 7732K, committed 8000K, reserved 1064960K
  class space    used 1011K, committed 1152K, reserved 1048576K
}
Event: 5.184 GC heap before
{Heap before GC invocations=2 (full 0):
 garbage-first heap   total 133120K, used 98105K [0x0000000780000000, 0x0000000800000000)
  region size 1024K, 76 young (77824K), 3 survivors (3072K)
 Metaspace       used 8902K, committed 9152K, reserved 1064960K
  class space    used 1110K, committed 1216K, reserved 1048576K
}
Event: 5.191 GC heap after
{Heap after GC invocations=3 (full 0):
 garbage-first heap   total 133120K, used 17976K [0x0000000780000000, 0x0000000800000000)
  region size 1024K, 4 young (4096K), 4 survivors (4096K)
 Metaspace       used 8902K, committed 9152K, reserved 1064960K
  class space    used 1110K, committed 1216K, reserved 1048576K
}
Event: 7.222 GC heap before
{Heap before GC invocations=3 (full 0):
 garbage-first heap   total 133120K, used 97848K [0x0000000780000000, 0x0000000800000000)
  region size 1024K, 76 young (77824K), 4 survivors (4096K)
 Metaspace       used 8967K, committed 9152K, reserved 1064960K
  class space    used 1124K, committed 1216K, reserved 1048576K
}
Event: 7.228 GC heap after
{Heap after GC invocations=4 (full 0):
 garbage-first heap   total 133120K, used 10545K [0x0000000780000000, 0x0000000800000000)
  region size 1024K, 4 young (4096K), 4 survivors (4096K)
 Metaspace       used 8967K, committed 9152K, reserved 1064960K
  class space    used 1124K, committed 1216K, reserved 1048576K
}

